<?xml version="1.0" encoding="UTF-8"?>
<!-- Generated by org.testng.reporters.JUnitReportReporter -->
<testsuite hostname="LAPTOP-HRCE9I98" failures="0" tests="3" name="com.selenium.PDFReader" time="9.710" errors="0" timestamp="2022-03-10T15:52:51 IST" skipped="0">
  <testcase classname="com.selenium.PDFReader" name="readerthroughExcel" time="1.302"/>
  <system-out/>
  <testcase classname="com.selenium.PDFReader" name="reader" time="8.354"/>
  <system-out/>
  <testcase classname="com.selenium.PDFReader" name="comparision_of_excel" time="0.054"/>
  <system-out/>
</testsuite> <!-- com.selenium.PDFReader -->
