<?xml version="1.0" encoding="UTF-8"?>
<!-- Generated by org.testng.reporters.JUnitReportReporter -->
<testsuite hostname="LAPTOP-HRCE9I98" failures="0" tests="1" name="Selenium_Project.com.selenium.Popup_DragAndDrop" time="8.645" errors="0" timestamp="2021-12-11T12:57:50 IST" skipped="0">
  <testcase classname="Selenium_Project.com.selenium.Popup_DragAndDrop" name="login" time="8.645"/>
  <system-out/>
</testsuite> <!-- Selenium_Project.com.selenium.Popup_DragAndDrop -->
