<?xml version="1.0" encoding="UTF-8"?>
<!-- Generated by org.testng.reporters.JUnitReportReporter -->
<testsuite hostname="LAPTOP-HRCE9I98" failures="0" tests="1" name="com.selenium.Dynamic_GoogleSearch" time="18.420" errors="0" timestamp="2021-12-31T21:48:42 IST" skipped="0">
  <testcase classname="com.selenium.Dynamic_GoogleSearch" name="login" time="18.420"/>
  <system-out/>
</testsuite> <!-- com.selenium.Dynamic_GoogleSearch -->
