<?xml version="1.0" encoding="UTF-8"?>
<!-- Generated by org.testng.reporters.JUnitReportReporter -->
<testsuite hostname="LAPTOP-HRCE9I98" failures="0" tests="1" name="Selenium_Project.com.selenium.LinkedIn" time="23.049" errors="0" timestamp="2021-12-07T20:08:21 IST" skipped="0">
  <testcase classname="Selenium_Project.com.selenium.LinkedIn" name="login" time="23.049"/>
  <system-out/>
</testsuite> <!-- Selenium_Project.com.selenium.LinkedIn -->
