<?xml version="1.0" encoding="UTF-8"?>
<!-- Generated by org.testng.reporters.JUnitReportReporter -->
<testsuite hostname="LAPTOP-HRCE9I98" failures="0" tests="1" name="com.selenium.Scenario8" time="14.041" errors="0" timestamp="2022-01-10T10:31:53 IST" skipped="0">
  <testcase classname="com.selenium.Scenario8" name="login" time="14.041"/>
  <system-out/>
</testsuite> <!-- com.selenium.Scenario8 -->
