<?xml version="1.0" encoding="UTF-8"?>
<!-- Generated by org.testng.reporters.JUnitReportReporter -->
<testsuite hostname="LAPTOP-HRCE9I98" failures="0" tests="1" name="Selenium_Project.com.selenium.Scenario6" time="18.730" errors="0" timestamp="2021-11-30T16:33:30 IST" skipped="0">
  <testcase classname="Selenium_Project.com.selenium.Scenario6" name="login" time="18.730"/>
  <system-out/>
</testsuite> <!-- Selenium_Project.com.selenium.Scenario6 -->
