<?xml version="1.0" encoding="UTF-8"?>
<!-- Generated by org.testng.reporters.JUnitReportReporter -->
<testsuite hostname="LAPTOP-HRCE9I98" failures="0" tests="1" name="Selenium_Project.com.selenium.Scenario8" time="40.129" errors="0" timestamp="2021-12-06T19:14:26 IST" skipped="0">
  <testcase classname="Selenium_Project.com.selenium.Scenario8" name="login" time="40.129"/>
  <system-out/>
</testsuite> <!-- Selenium_Project.com.selenium.Scenario8 -->
